<?xml version="1.0" encoding="UTF-8"?>
<testng-results skipped="0" failed="0" total="1" passed="1">
  <reporter-output>
  </reporter-output>
  <suite name="InetBankingV9" duration-ms="20454" started-at="2020-05-20T00:52:14Z" finished-at="2020-05-20T00:52:34Z">
    <groups>
    </groups>
    <test name="BankingApp Test" duration-ms="20454" started-at="2020-05-20T00:52:14Z" finished-at="2020-05-20T00:52:34Z">
      <class name="com.inetBanking.TestCases.TC_LoginTest_001">
        <test-method status="PASS" signature="setup(java.lang.String)[pri:0, instance:com.inetBanking.TestCases.TC_LoginTest_001@1b0375b3]" name="setup" is-config="true" duration-ms="14124" started-at="2020-05-19T21:52:14Z" finished-at="2020-05-19T21:52:28Z">
          <params>
            <param index="0">
              <value>
                <![CDATA[chrome]]>
              </value>
            </param>
          </params>
          <reporter-output>
          </reporter-output>
        </test-method> <!-- setup -->
        <test-method status="PASS" signature="loginTest()[pri:0, instance:com.inetBanking.TestCases.TC_LoginTest_001@1b0375b3]" name="loginTest" duration-ms="4665" started-at="2020-05-19T21:52:28Z" finished-at="2020-05-19T21:52:33Z">
          <reporter-output>
          </reporter-output>
        </test-method> <!-- loginTest -->
        <test-method status="PASS" signature="tearDown()[pri:0, instance:com.inetBanking.TestCases.TC_LoginTest_001@1b0375b3]" name="tearDown" is-config="true" duration-ms="1190" started-at="2020-05-19T21:52:33Z" finished-at="2020-05-19T21:52:34Z">
          <reporter-output>
          </reporter-output>
        </test-method> <!-- tearDown -->
      </class> <!-- com.inetBanking.TestCases.TC_LoginTest_001 -->
    </test> <!-- BankingApp Test -->
  </suite> <!-- InetBankingV9 -->
</testng-results>
